<?xml version="1.0" encoding="UTF-8"?>
<!-- Generated by org.testng.reporters.JUnitReportReporter -->
<testsuite skipped="0" hostname="ASUS-UX430-NG" name="testPackage.TestFunctionality" tests="2" failures="0" timestamp="21 May 2021 12:20:33 GMT" time="4.575" errors="0">
  <testcase name="verify_Product_Creation_UniqueData" time="3.253" classname="testPackage.TestFunctionality"/>
  <testcase name="verify_searching_Product" time="1.322" classname="testPackage.TestFunctionality"/>
</testsuite> <!-- testPackage.TestFunctionality -->
